capston/app/build/intermediates/manifest_merge_blame_file/debug/manifest-merger-blame-debug-report.txt
1<?xml version="1.0" encoding="utf-8"?>
2<manifest xmlns:android="http://schemas.android.com/apk/res/android"
3    package="com.example.capston"
4    android:versionCode="1"
5    android:versionName="1.0" >
6
7    <uses-sdk
8        android:minSdkVersion="30"
8-->src/main/AndroidManifest.xml
9        android:targetSdkVersion="33" />
9-->src/main/AndroidManifest.xml
10
11    <uses-permission android:name="android.permission.ACCESS_FINE_LOCATION" />
11-->src/main/AndroidManifest.xml:5:5-79
11-->src/main/AndroidManifest.xml:5:22-76
12    <uses-permission android:name="android.permission.ACCESS_COARSE_LOCATION" />
12-->src/main/AndroidManifest.xml:6:5-81
12-->src/main/AndroidManifest.xml:6:22-78
13    <uses-permission android:name="android.permission.INTERNET" />
13-->src/main/AndroidManifest.xml:7:5-67
13-->src/main/AndroidManifest.xml:7:22-64
14
15    <uses-feature
15-->[com.naver.maps:map-sdk:3.16.0] AndroidManifest.xml:9:5-11:35
16        android:glEsVersion="0x00020000"
16-->[com.naver.maps:map-sdk:3.16.0] AndroidManifest.xml:10:9-41
17        android:required="true" />
17-->[com.naver.maps:map-sdk:3.16.0] AndroidManifest.xml:11:9-32
18    <uses-feature
18-->[com.naver.maps:map-sdk:3.16.0] AndroidManifest.xml:12:5-14:36
19        android:name="android.hardware.wifi"
19-->[com.naver.maps:map-sdk:3.16.0] AndroidManifest.xml:13:9-45
20        android:required="false" />
20-->[com.naver.maps:map-sdk:3.16.0] AndroidManifest.xml:14:9-33
21
22    <uses-permission android:name="android.permission.ACCESS_NETWORK_STATE" />
22-->[com.naver.maps:map-sdk:3.16.0] AndroidManifest.xml:17:5-79
22-->[com.naver.maps:map-sdk:3.16.0] AndroidManifest.xml:17:22-76
23    <uses-permission android:name="android.permission.ACCESS_WIFI_STATE" />
23-->[com.naver.maps:map-sdk:3.16.0] AndroidManifest.xml:18:5-76
23-->[com.naver.maps:map-sdk:3.16.0] AndroidManifest.xml:18:22-73
24    <uses-permission android:name="android.permission.WAKE_LOCK" />
24-->[com.google.android.gms:play-services-measurement-api:21.3.0] AndroidManifest.xml:24:5-68
24-->[com.google.android.gms:play-services-measurement-api:21.3.0] AndroidManifest.xml:24:22-65
25    <uses-permission android:name="com.google.android.gms.permission.AD_ID" />
25-->[com.google.android.gms:play-services-measurement-api:21.3.0] AndroidManifest.xml:25:5-79
25-->[com.google.android.gms:play-services-measurement-api:21.3.0] AndroidManifest.xml:25:22-76
26    <uses-permission android:name="com.google.android.finsky.permission.BIND_GET_INSTALL_REFERRER_SERVICE" />
26-->[com.google.android.gms:play-services-measurement:21.3.0] AndroidManifest.xml:26:5-110
26-->[com.google.android.gms:play-services-measurement:21.3.0] AndroidManifest.xml:26:22-107
27
28    <permission
28-->[androidx.core:core:1.9.0] AndroidManifest.xml:22:5-24:47
29        android:name="com.example.capston.DYNAMIC_RECEIVER_NOT_EXPORTED_PERMISSION"
29-->[androidx.core:core:1.9.0] AndroidManifest.xml:23:9-81
30        android:protectionLevel="signature" />
30-->[androidx.core:core:1.9.0] AndroidManifest.xml:24:9-44
31
32    <uses-permission android:name="com.example.capston.DYNAMIC_RECEIVER_NOT_EXPORTED_PERMISSION" />
32-->[androidx.core:core:1.9.0] AndroidManifest.xml:26:5-97
32-->[androidx.core:core:1.9.0] AndroidManifest.xml:26:22-94
33
34    <application
34-->src/main/AndroidManifest.xml:9:5-44:19
35        android:allowBackup="true"
35-->src/main/AndroidManifest.xml:10:9-35
36        android:appComponentFactory="androidx.core.app.CoreComponentFactory"
36-->[androidx.core:core:1.9.0] AndroidManifest.xml:28:18-86
37        android:dataExtractionRules="@xml/data_extraction_rules"
37-->src/main/AndroidManifest.xml:11:9-65
38        android:debuggable="true"
39        android:extractNativeLibs="false"
40        android:fullBackupContent="@xml/backup_rules"
40-->src/main/AndroidManifest.xml:12:9-54
41        android:icon="@mipmap/ic_launcher"
41-->src/main/AndroidManifest.xml:13:9-43
42        android:label="@string/app_name"
42-->src/main/AndroidManifest.xml:14:9-41
43        android:roundIcon="@mipmap/ic_launcher_round"
43-->src/main/AndroidManifest.xml:15:9-54
44        android:supportsRtl="true"
44-->src/main/AndroidManifest.xml:16:9-35
45        android:testOnly="true"
46        android:theme="@style/Theme.Capston" >
46-->src/main/AndroidManifest.xml:17:9-45
47        <activity
47-->src/main/AndroidManifest.xml:19:9-21:40
48            android:name="com.example.capston.SearchWebActivity"
48-->src/main/AndroidManifest.xml:20:13-46
49            android:exported="false" />
49-->src/main/AndroidManifest.xml:21:13-37
50        <activity
50-->src/main/AndroidManifest.xml:22:9-24:40
51            android:name="com.example.capston.SearchActivity"
51-->src/main/AndroidManifest.xml:23:13-43
52            android:exported="false" />
52-->src/main/AndroidManifest.xml:24:13-37
53        <activity
53-->src/main/AndroidManifest.xml:25:9-27:40
54            android:name="com.example.capston.CreateActivity"
54-->src/main/AndroidManifest.xml:26:13-43
55            android:exported="false" />
55-->src/main/AndroidManifest.xml:27:13-37
56        <activity
56-->src/main/AndroidManifest.xml:28:9-36:20
57            android:name="com.example.capston.LoginActivity"
57-->src/main/AndroidManifest.xml:29:13-42
58            android:exported="true" >
58-->src/main/AndroidManifest.xml:30:13-36
59            <intent-filter>
59-->src/main/AndroidManifest.xml:31:13-35:29
60                <action android:name="android.intent.action.MAIN" />
60-->src/main/AndroidManifest.xml:32:17-69
60-->src/main/AndroidManifest.xml:32:25-66
61
62                <category android:name="android.intent.category.LAUNCHER" />
62-->src/main/AndroidManifest.xml:34:17-77
62-->src/main/AndroidManifest.xml:34:27-74
63            </intent-filter>
64        </activity>
65        <activity
65-->src/main/AndroidManifest.xml:37:9-39:39
66            android:name="com.example.capston.MainActivity"
66-->src/main/AndroidManifest.xml:38:13-41
67            android:exported="true" />
67-->src/main/AndroidManifest.xml:39:13-36
68
69        <meta-data
69-->src/main/AndroidManifest.xml:41:9-43:42
70            android:name="com.naver.maps.map.CLIENT_ID"
70-->src/main/AndroidManifest.xml:42:13-56
71            android:value="48lgtnhsi5" />
71-->src/main/AndroidManifest.xml:43:13-39
72
73        <service
73-->[com.google.firebase:firebase-analytics-ktx:21.3.0] AndroidManifest.xml:8:9-14:19
74            android:name="com.google.firebase.components.ComponentDiscoveryService"
74-->[com.google.firebase:firebase-analytics-ktx:21.3.0] AndroidManifest.xml:9:13-84
75            android:directBootAware="true"
75-->[com.google.firebase:firebase-common:20.3.2] AndroidManifest.xml:34:13-43
76            android:exported="false" >
76-->[com.google.firebase:firebase-analytics-ktx:21.3.0] AndroidManifest.xml:10:13-37
77            <meta-data
77-->[com.google.firebase:firebase-analytics-ktx:21.3.0] AndroidManifest.xml:11:13-13:85
78                android:name="com.google.firebase.components:com.google.firebase.analytics.ktx.FirebaseAnalyticsKtxRegistrar"
78-->[com.google.firebase:firebase-analytics-ktx:21.3.0] AndroidManifest.xml:12:17-126
79                android:value="com.google.firebase.components.ComponentRegistrar" />
79-->[com.google.firebase:firebase-analytics-ktx:21.3.0] AndroidManifest.xml:13:17-82
80            <meta-data
80-->[com.google.firebase:firebase-common-ktx:20.3.2] AndroidManifest.xml:14:13-16:85
81                android:name="com.google.firebase.components:com.google.firebase.ktx.FirebaseCommonKtxRegistrar"
81-->[com.google.firebase:firebase-common-ktx:20.3.2] AndroidManifest.xml:15:17-113
82                android:value="com.google.firebase.components.ComponentRegistrar" />
82-->[com.google.firebase:firebase-common-ktx:20.3.2] AndroidManifest.xml:16:17-82
83            <meta-data
83-->[com.google.android.gms:play-services-measurement-api:21.3.0] AndroidManifest.xml:31:13-33:85
84                android:name="com.google.firebase.components:com.google.firebase.analytics.connector.internal.AnalyticsConnectorRegistrar"
84-->[com.google.android.gms:play-services-measurement-api:21.3.0] AndroidManifest.xml:32:17-139
85                android:value="com.google.firebase.components.ComponentRegistrar" />
85-->[com.google.android.gms:play-services-measurement-api:21.3.0] AndroidManifest.xml:33:17-82
86            <meta-data
86-->[com.google.firebase:firebase-installations:17.1.3] AndroidManifest.xml:17:13-19:85
87                android:name="com.google.firebase.components:com.google.firebase.installations.FirebaseInstallationsRegistrar"
87-->[com.google.firebase:firebase-installations:17.1.3] AndroidManifest.xml:18:17-127
88                android:value="com.google.firebase.components.ComponentRegistrar" />
88-->[com.google.firebase:firebase-installations:17.1.3] AndroidManifest.xml:19:17-82
89        </service>
90
91        <activity
91-->[com.naver.maps:map-sdk:3.16.0] AndroidManifest.xml:21:9-25:51
92            android:name="com.naver.maps.map.app.LegendActivity"
92-->[com.naver.maps:map-sdk:3.16.0] AndroidManifest.xml:22:13-65
93            android:configChanges="screenSize|smallestScreenSize|screenLayout|orientation"
93-->[com.naver.maps:map-sdk:3.16.0] AndroidManifest.xml:23:13-91
94            android:label="@string/navermap_legend"
94-->[com.naver.maps:map-sdk:3.16.0] AndroidManifest.xml:24:13-52
95            android:theme="@style/navermap_app" />
95-->[com.naver.maps:map-sdk:3.16.0] AndroidManifest.xml:25:13-48
96        <activity
96-->[com.naver.maps:map-sdk:3.16.0] AndroidManifest.xml:26:9-30:51
97            android:name="com.naver.maps.map.app.LegalNoticeActivity"
97-->[com.naver.maps:map-sdk:3.16.0] AndroidManifest.xml:27:13-70
98            android:configChanges="screenSize|smallestScreenSize|screenLayout|orientation"
98-->[com.naver.maps:map-sdk:3.16.0] AndroidManifest.xml:28:13-91
99            android:label="@string/navermap_legal_notice"
99-->[com.naver.maps:map-sdk:3.16.0] AndroidManifest.xml:29:13-58
100            android:theme="@style/navermap_app" />
100-->[com.naver.maps:map-sdk:3.16.0] AndroidManifest.xml:30:13-48
101        <activity
101-->[com.naver.maps:map-sdk:3.16.0] AndroidManifest.xml:31:9-35:51
102            android:name="com.naver.maps.map.app.OpenSourceLicenseActivity"
102-->[com.naver.maps:map-sdk:3.16.0] AndroidManifest.xml:32:13-76
103            android:configChanges="screenSize|smallestScreenSize|screenLayout|orientation"
103-->[com.naver.maps:map-sdk:3.16.0] AndroidManifest.xml:33:13-91
104            android:label="@string/navermap_open_source_license"
104-->[com.naver.maps:map-sdk:3.16.0] AndroidManifest.xml:34:13-65
105            android:theme="@style/navermap_app" />
105-->[com.naver.maps:map-sdk:3.16.0] AndroidManifest.xml:35:13-48
106        <activity
106-->[com.google.android.gms:play-services-base:17.5.0] AndroidManifest.xml:23:9-26:75
107            android:name="com.google.android.gms.common.api.GoogleApiActivity"
107-->[com.google.android.gms:play-services-base:17.5.0] AndroidManifest.xml:24:13-79
108            android:exported="false"
108-->[com.google.android.gms:play-services-base:17.5.0] AndroidManifest.xml:25:13-37
109            android:theme="@android:style/Theme.Translucent.NoTitleBar" />
109-->[com.google.android.gms:play-services-base:17.5.0] AndroidManifest.xml:26:13-72
110
111        <provider
111-->[com.google.firebase:firebase-common:20.3.2] AndroidManifest.xml:25:9-30:39
112            android:name="com.google.firebase.provider.FirebaseInitProvider"
112-->[com.google.firebase:firebase-common:20.3.2] AndroidManifest.xml:26:13-77
113            android:authorities="com.example.capston.firebaseinitprovider"
113-->[com.google.firebase:firebase-common:20.3.2] AndroidManifest.xml:27:13-72
114            android:directBootAware="true"
114-->[com.google.firebase:firebase-common:20.3.2] AndroidManifest.xml:28:13-43
115            android:exported="false"
115-->[com.google.firebase:firebase-common:20.3.2] AndroidManifest.xml:29:13-37
116            android:initOrder="100" />
116-->[com.google.firebase:firebase-common:20.3.2] AndroidManifest.xml:30:13-36
117
118        <receiver
118-->[com.google.android.gms:play-services-measurement:21.3.0] AndroidManifest.xml:29:9-33:20
119            android:name="com.google.android.gms.measurement.AppMeasurementReceiver"
119-->[com.google.android.gms:play-services-measurement:21.3.0] AndroidManifest.xml:30:13-85
120            android:enabled="true"
120-->[com.google.android.gms:play-services-measurement:21.3.0] AndroidManifest.xml:31:13-35
121            android:exported="false" >
121-->[com.google.android.gms:play-services-measurement:21.3.0] AndroidManifest.xml:32:13-37
122        </receiver>
123
124        <service
124-->[com.google.android.gms:play-services-measurement:21.3.0] AndroidManifest.xml:35:9-38:40
125            android:name="com.google.android.gms.measurement.AppMeasurementService"
125-->[com.google.android.gms:play-services-measurement:21.3.0] AndroidManifest.xml:36:13-84
126            android:enabled="true"
126-->[com.google.android.gms:play-services-measurement:21.3.0] AndroidManifest.xml:37:13-35
127            android:exported="false" />
127-->[com.google.android.gms:play-services-measurement:21.3.0] AndroidManifest.xml:38:13-37
128        <service
128-->[com.google.android.gms:play-services-measurement:21.3.0] AndroidManifest.xml:39:9-43:72
129            android:name="com.google.android.gms.measurement.AppMeasurementJobService"
129-->[com.google.android.gms:play-services-measurement:21.3.0] AndroidManifest.xml:40:13-87
130            android:enabled="true"
130-->[com.google.android.gms:play-services-measurement:21.3.0] AndroidManifest.xml:41:13-35
131            android:exported="false"
131-->[com.google.android.gms:play-services-measurement:21.3.0] AndroidManifest.xml:42:13-37
132            android:permission="android.permission.BIND_JOB_SERVICE" />
132-->[com.google.android.gms:play-services-measurement:21.3.0] AndroidManifest.xml:43:13-69
133
134        <meta-data
134-->[com.google.android.gms:play-services-basement:18.1.0] AndroidManifest.xml:21:9-23:69
135            android:name="com.google.android.gms.version"
135-->[com.google.android.gms:play-services-basement:18.1.0] AndroidManifest.xml:22:13-58
136            android:value="@integer/google_play_services_version" />
136-->[com.google.android.gms:play-services-basement:18.1.0] AndroidManifest.xml:23:13-66
137
138        <provider
138-->[androidx.emoji2:emoji2:1.2.0] AndroidManifest.xml:24:9-32:20
139            android:name="androidx.startup.InitializationProvider"
139-->[androidx.emoji2:emoji2:1.2.0] AndroidManifest.xml:25:13-67
140            android:authorities="com.example.capston.androidx-startup"
140-->[androidx.emoji2:emoji2:1.2.0] AndroidManifest.xml:26:13-68
141            android:exported="false" >
141-->[androidx.emoji2:emoji2:1.2.0] AndroidManifest.xml:27:13-37
142            <meta-data
142-->[androidx.emoji2:emoji2:1.2.0] AndroidManifest.xml:29:13-31:52
143                android:name="androidx.emoji2.text.EmojiCompatInitializer"
143-->[androidx.emoji2:emoji2:1.2.0] AndroidManifest.xml:30:17-75
144                android:value="androidx.startup" />
144-->[androidx.emoji2:emoji2:1.2.0] AndroidManifest.xml:31:17-49
145            <meta-data
145-->[androidx.lifecycle:lifecycle-process:2.4.1] AndroidManifest.xml:31:13-33:52
146                android:name="androidx.lifecycle.ProcessLifecycleInitializer"
146-->[androidx.lifecycle:lifecycle-process:2.4.1] AndroidManifest.xml:32:17-78
147                android:value="androidx.startup" />
147-->[androidx.lifecycle:lifecycle-process:2.4.1] AndroidManifest.xml:33:17-49
148        </provider>
149    </application>
150
151</manifest>